TN:
SF:src/addReduce.ts
FN:8,(anonymous_0)
FN:12,(anonymous_1)
FNF:2
FNH:2
FNDA:2,(anonymous_0)
FNDA:2,(anonymous_1)
DA:1,1
DA:7,1
DA:8,2
DA:9,2
DA:13,2
DA:14,2
DA:15,8
DA:17,2
DA:18,2
DA:23,1
DA:24,1
DA:25,1
LF:12
LH:12
BRF:0
BRH:0
end_of_record
TN:
SF:src/reduce.ts
FN:22,(anonymous_0)
FN:30,(anonymous_1)
FN:43,(anonymous_2)
FN:45,(anonymous_3)
FN:53,(anonymous_4)
FN:54,(anonymous_5)
FN:55,(anonymous_6)
FN:56,(anonymous_7)
FNF:8
FNH:1
FNDA:4,(anonymous_0)
FNDA:0,(anonymous_1)
FNDA:0,(anonymous_2)
FNDA:0,(anonymous_3)
FNDA:0,(anonymous_4)
FNDA:0,(anonymous_5)
FNDA:0,(anonymous_6)
FNDA:0,(anonymous_7)
DA:19,1
DA:22,4
DA:23,4
DA:31,0
DA:32,0
DA:33,0
DA:34,0
DA:35,0
DA:44,0
DA:45,0
DA:46,0
LF:11
LH:3
BRF:0
BRH:0
end_of_record
TN:
SF:src/subReduce.ts
FN:8,(anonymous_0)
FN:16,(anonymous_1)
FNF:2
FNH:2
FNDA:2,(anonymous_0)
FNDA:2,(anonymous_1)
DA:1,1
DA:7,1
DA:8,2
DA:9,2
DA:17,2
DA:18,2
DA:19,4
DA:20,4
DA:21,4
DA:23,2
DA:24,2
DA:29,1
DA:30,1
DA:31,1
LF:14
LH:14
BRF:0
BRH:0
end_of_record
