TN:
SF:src/addReduce.ts
FN:8,(anonymous_0)
FN:12,(anonymous_1)
FNF:2
FNH:2
FNDA:2,(anonymous_0)
FNDA:3,(anonymous_1)
DA:1,1
DA:7,1
DA:8,2
DA:9,2
DA:13,3
DA:14,3
DA:15,12
DA:17,3
DA:22,1
DA:23,1
DA:24,1
LF:11
LH:11
BRF:0
BRH:0
end_of_record
TN:
SF:src/reduce.ts
FN:22,(anonymous_0)
FN:30,(anonymous_1)
FN:43,(anonymous_2)
FN:45,(anonymous_3)
FN:58,(anonymous_4)
FN:59,(anonymous_5)
FN:60,(anonymous_6)
FN:61,(anonymous_7)
FN:62,(anonymous_8)
FNF:9
FNH:7
FNDA:2,(anonymous_0)
FNDA:3,(anonymous_1)
FNDA:3,(anonymous_2)
FNDA:0,(anonymous_3)
FNDA:0,(anonymous_4)
FNDA:3,(anonymous_5)
FNDA:3,(anonymous_6)
FNDA:3,(anonymous_7)
FNDA:3,(anonymous_8)
DA:19,1
DA:22,2
DA:23,2
DA:31,3
DA:32,3
DA:33,3
DA:34,3
DA:35,3
DA:36,3
DA:44,3
DA:45,3
DA:46,0
LF:12
LH:11
BRF:0
BRH:0
end_of_record
